[1.443s] Invoking command in '/home/hb/hb_ws/build/usb_cam': CMAKE_PREFIX_PATH=/home/hb/hb_ws/install/ydlidar_ros2_driver:/home/hb/hb_ws/install/serial_communication:/opt/ros/humble:/home/hb/hb_ws/install/teleop_twist_joy:/home/hb/hb_ws/install/micro_ros_setup:/home/hb/hb_ws/install/micro_ros_agent:/home/hb/hb_ws/install/micro_ros_msgs /usr/bin/cmake /home/hb/hb_ws/src/usb_cam -DCMAKE_INSTALL_PREFIX=/home/hb/hb_ws/install/usb_cam
[2.671s] -- The C compiler identification is GNU 11.4.0
[3.506s] -- The CXX compiler identification is GNU 11.4.0
[3.563s] -- Detecting C compiler ABI info
[4.025s] -- Detecting C compiler ABI info - done
[4.050s] -- Check for working C compiler: /usr/bin/cc - skipped
[4.054s] -- Detecting C compile features
[4.058s] -- Detecting C compile features - done
[4.076s] -- Detecting CXX compiler ABI info
[4.502s] -- Detecting CXX compiler ABI info - done
[4.529s] -- Check for working CXX compiler: /usr/bin/c++ - skipped
[4.530s] -- Detecting CXX compile features
[4.532s] -- Detecting CXX compile features - done
[4.569s] -- Found ament_cmake_auto: 1.3.8 (/opt/ros/humble/share/ament_cmake_auto/cmake)
[5.726s] -- Found Python3: /usr/bin/python3 (found version "3.10.12") found components: Interpreter 
[7.499s] -- Found rosidl_generator_c: 3.1.5 (/opt/ros/humble/share/rosidl_generator_c/cmake)
[7.573s] -- Found rosidl_adapter: 3.1.5 (/opt/ros/humble/share/rosidl_adapter/cmake)
[7.674s] -- Found rosidl_generator_cpp: 3.1.5 (/opt/ros/humble/share/rosidl_generator_cpp/cmake)
[7.802s] -- Using all available rosidl_typesupport_c: rosidl_typesupport_fastrtps_c;rosidl_typesupport_introspection_c
[7.990s] -- Using all available rosidl_typesupport_cpp: rosidl_typesupport_fastrtps_cpp;rosidl_typesupport_introspection_cpp
[8.564s] -- Found rmw_implementation_cmake: 6.1.1 (/opt/ros/humble/share/rmw_implementation_cmake/cmake)
[8.604s] -- Found rmw_fastrtps_cpp: 6.2.6 (/opt/ros/humble/share/rmw_fastrtps_cpp/cmake)
[9.425s] -- Found OpenSSL: /usr/lib/aarch64-linux-gnu/libcrypto.so (found version "3.0.2")  
[9.723s] -- Found FastRTPS: /opt/ros/humble/include  
[10.219s] -- Using RMW implementation 'rmw_fastrtps_cpp' as default
[10.378s] -- Looking for pthread.h
[10.787s] -- Looking for pthread.h - found
[10.789s] -- Performing Test CMAKE_HAVE_LIBC_PTHREAD
[11.167s] -- Performing Test CMAKE_HAVE_LIBC_PTHREAD - Success
[11.172s] -- Found Threads: TRUE  
[14.617s] -- Found OpenCV: /usr (found version "4.5.4") 
[14.633s] -- Found PkgConfig: /usr/bin/pkg-config (found version "0.29.2") 
[14.637s] -- Checking for module 'libavcodec'
[14.717s] --   Found libavcodec, version 58.134.100
[14.925s] -- Checking for module 'libavutil'
[15.035s] --   Found libavutil, version 56.70.100
[15.305s] -- Checking for module 'libswscale'
[15.403s] --   Found libswscale, version 5.9.100
[15.648s] -- Found ament_lint_auto: 0.12.10 (/opt/ros/humble/share/ament_lint_auto/cmake)
[16.018s] -- Found gtest sources under '/opt/ros/humble/src/gtest_vendor': C++ tests using 'Google Test' will be built
[16.078s] -- Added test 'copyright' to check source files copyright and LICENSE
[16.134s] -- Added test 'cppcheck' to perform static code analysis on C / C++ code
[16.135s] -- Configured cppcheck include dirs: /home/hb/hb_ws/src/usb_cam/include
[16.135s] -- Configured cppcheck exclude dirs and/or files: 
[16.193s] -- Added test 'cpplint' to check C / C++ code against the Google style
[16.193s] -- Configured cpplint exclude dirs and/or files: 
[16.204s] -- Added test 'flake8' to check Python code syntax and style conventions
[16.223s] -- Added test 'lint_cmake' to check CMake code style
[16.235s] -- Added test 'pep257' to check Python code against some of the docstring style conventions in PEP 257
[16.294s] -- Added test 'uncrustify' to check C / C++ code style
[16.294s] -- Configured uncrustify additional arguments: 
[16.306s] -- Added test 'xmllint' to check XML markup files
[16.337s] -- Configuring done
[16.582s] -- Generating done
[16.600s] -- Build files have been written to: /home/hb/hb_ws/build/usb_cam
[16.709s] Invoked command in '/home/hb/hb_ws/build/usb_cam' returned '0': CMAKE_PREFIX_PATH=/home/hb/hb_ws/install/ydlidar_ros2_driver:/home/hb/hb_ws/install/serial_communication:/opt/ros/humble:/home/hb/hb_ws/install/teleop_twist_joy:/home/hb/hb_ws/install/micro_ros_setup:/home/hb/hb_ws/install/micro_ros_agent:/home/hb/hb_ws/install/micro_ros_msgs /usr/bin/cmake /home/hb/hb_ws/src/usb_cam -DCMAKE_INSTALL_PREFIX=/home/hb/hb_ws/install/usb_cam
[16.727s] Invoking command in '/home/hb/hb_ws/build/usb_cam': CMAKE_PREFIX_PATH=/home/hb/hb_ws/install/ydlidar_ros2_driver:/home/hb/hb_ws/install/serial_communication:/opt/ros/humble:/home/hb/hb_ws/install/teleop_twist_joy:/home/hb/hb_ws/install/micro_ros_setup:/home/hb/hb_ws/install/micro_ros_agent:/home/hb/hb_ws/install/micro_ros_msgs /usr/bin/cmake --build /home/hb/hb_ws/build/usb_cam -- -j4 -l4
[17.042s] [  7%] [32mBuilding CXX object gtest/CMakeFiles/gtest_main.dir/src/gtest_main.cc.o[0m
[17.046s] [ 14%] [32mBuilding CXX object gtest/CMakeFiles/gtest.dir/src/gtest-all.cc.o[0m
[17.051s] [ 21%] [32mBuilding CXX object CMakeFiles/usb_cam.dir/src/usb_cam.cpp.o[0m
[17.064s] [ 28%] [32mBuilding CXX object CMakeFiles/usb_cam_node_exe.dir/rclcpp_components/node_main_usb_cam_node_exe.cpp.o[0m
[25.910s] gmake[2]: *** [gtest/CMakeFiles/gtest_main.dir/build.make:76: gtest/CMakeFiles/gtest_main.dir/src/gtest_main.cc.o] Interrupt
[25.911s] gmake[2]: *** [CMakeFiles/usb_cam.dir/build.make:76: CMakeFiles/usb_cam.dir/src/usb_cam.cpp.o] Interrupt
[25.921s] gmake[2]: *** [gtest/CMakeFiles/gtest.dir/build.make:76: gtest/CMakeFiles/gtest.dir/src/gtest-all.cc.o] Interrupt
[25.938s] gmake[1]: *** [CMakeFiles/Makefile2:323: gtest/CMakeFiles/gtest_main.dir/all] Interrupt
[25.940s] gmake[1]: *** [CMakeFiles/Makefile2:163: CMakeFiles/usb_cam.dir/all] Interrupt
[25.941s] gmake[2]: *** [CMakeFiles/usb_cam_node_exe.dir/build.make:76: CMakeFiles/usb_cam_node_exe.dir/rclcpp_components/node_main_usb_cam_node_exe.cpp.o] Interrupt
[25.945s] gmake[1]: *** [CMakeFiles/Makefile2:297: gtest/CMakeFiles/gtest.dir/all] Interrupt
[25.946s] gmake[1]: *** [CMakeFiles/Makefile2:215: CMakeFiles/usb_cam_node_exe.dir/all] Interrupt
[25.948s] gmake: *** [Makefile:146: all] Interrupt
[25.973s] Invoked command in '/home/hb/hb_ws/build/usb_cam' returned '-2': CMAKE_PREFIX_PATH=/home/hb/hb_ws/install/ydlidar_ros2_driver:/home/hb/hb_ws/install/serial_communication:/opt/ros/humble:/home/hb/hb_ws/install/teleop_twist_joy:/home/hb/hb_ws/install/micro_ros_setup:/home/hb/hb_ws/install/micro_ros_agent:/home/hb/hb_ws/install/micro_ros_msgs /usr/bin/cmake --build /home/hb/hb_ws/build/usb_cam -- -j4 -l4
